time="2024-12-01T19:55:03+03:00" level=info msg="Successfully connected to Telegram bot API!"
time="2024-12-01T19:55:31+03:00" level=info msg="Successfully connected to Telegram bot API!"
time="2024-12-01T19:56:27+03:00" level=info msg="Successfully connected to Telegram bot API!"
time="2024-12-01T19:56:59+03:00" level=info msg="Successfully connected to Telegram bot API!"
time="2024-12-01T20:03:30+03:00" level=info msg="Successfully connected to Telegram bot API!"
time="2024-12-01T20:37:41+03:00" level=info msg="Successfully connected to Telegram bot API!"
time="2024-12-01T20:39:45+03:00" level=info msg="Successfully connected to Telegram bot API!"
time="2024-12-02T21:39:26+03:00" level=info msg="Successfully connected to Telegram bot API!"
time="2024-12-02T21:40:14+03:00" level=info msg="Successfully connected to Telegram bot API!"
time="2024-12-02T21:44:18+03:00" level=info msg="Successfully connected to Telegram bot API!"
time="2024-12-02T21:45:54+03:00" level=info msg="Successfully connected to Telegram bot API!"
time="2024-12-02T21:47:52+03:00" level=info msg="Successfully connected to Telegram bot API!"
time="2024-12-03T17:10:02+03:00" level=info msg="Successfully connected to Telegram bot API!"
time="2024-12-03T17:12:59+03:00" level=info msg="Successfully connected to Telegram bot API!"
time="2024-12-12T22:21:23+03:00" level=info msg="Successfully connected to Telegram bot API!"
time="2024-12-12T22:27:06+03:00" level=info msg="Successfully connected to Telegram bot API!"
time="2024-12-12T23:27:38+03:00" level=info msg="Successfully connected to Telegram bot API!"
time="2024-12-12T23:31:11+03:00" level=info msg="Successfully connected to Telegram bot API!"
time="2024-12-12T23:34:40+03:00" level=info msg="Successfully connected to Telegram bot API!"
time="2024-12-12T23:35:19+03:00" level=info msg="Ошибка преобразования суммы: strconv.Atoi: parsing \"📤 Продажа имущества\": invalid syntax"
time="2024-12-12T23:35:19+03:00" level=info msg="Failed to save salary: strconv.Atoi: parsing \"📤 Продажа имущества\": invalid syntax"
time="2024-12-12T23:42:21+03:00" level=info msg="Successfully connected to Telegram bot API!"
time="2024-12-12T23:46:09+03:00" level=info msg="Новый пользователь успешно добавлен."
time="2024-12-12T23:46:09+03:00" level=info msg="Пользователь успешно добавлен."
time="2024-12-12T23:46:11+03:00" level=info msg="Ошибка преобразования суммы: strconv.Atoi: parsing \"📤 Расход\": invalid syntax"
time="2024-12-12T23:46:11+03:00" level=info msg="Failed to save regular expense: strconv.Atoi: parsing \"📤 Расход\": invalid syntax"
time="2024-12-12T23:46:27+03:00" level=info msg="Транзакция успешно добавлена"
time="2024-12-12T23:47:00+03:00" level=info msg="Транзакция успешно добавлена"
time="2024-12-12T23:47:17+03:00" level=info msg="Транзакция успешно добавлена"
time="2024-12-12T23:47:34+03:00" level=info msg="Транзакция успешно добавлена"
